<?xml version="1.0" encoding="UTF-8"?>
<!-- Generated by org.testng.reporters.JUnitReportReporter -->
<testsuite hostname="LAPTOP-A9LN1SJK" failures="0" tests="3" name="test.VerifyHeaderOFApplication" time="11.543" errors="1" timestamp="2022-02-11T14:37:18 IST" skipped="2">
  <testcase classname="test.VerifyHeaderOFApplication" name="verifyUserTab" time="0.000">
    <skipped/>
  </testcase> <!-- verifyUserTab -->
  <system-out/>
  <testcase classname="test.VerifyHeaderOFApplication" name="toVerifyTaskButton" time="0.000">
    <skipped/>
  </testcase> <!-- toVerifyTaskButton -->
  <system-out/>
  <testcase classname="test.VerifyHeaderOFApplication" name="beforeClass" time="11.543">
    <error message="session not created: This version of ChromeDriver only supports Chrome version 96
Current browser version is 98.0.4758.82 with binary path C:\Program Files (x86)\Google\Chrome\Application\chrome.exe
Build info: version: &#039;3.141.59&#039;, revision: &#039;e82be7d358&#039;, time: &#039;2018-11-14T08:17:03&#039;
System info: host: &#039;LAPTOP-A9LN1SJK&#039;, ip: &#039;192.168.0.104&#039;, os.name: &#039;Windows 10&#039;, os.arch: &#039;amd64&#039;, os.version: &#039;10.0&#039;, java.version: &#039;16.0.2&#039;
Driver info: driver.version: ChromeDriver
remote stacktrace: Backtrace:
	Ordinal0 [0x003D6903+2517251]
	Ordinal0 [0x0036F8E1+2095329]
	Ordinal0 [0x00272848+1058888]
	Ordinal0 [0x00290B9D+1182621]
	Ordinal0 [0x0028CA60+1165920]
	Ordinal0 [0x0028A2CF+1155791]
	Ordinal0 [0x002BAAAF+1354415]
	Ordinal0 [0x002BA71A+1353498]
	Ordinal0 [0x002B639B+1336219]
	Ordinal0 [0x002927A7+1189799]
	Ordinal0 [0x00293609+1193481]
	GetHandleVerifier [0x00565904+1577972]
	GetHandleVerifier [0x00610B97+2279047]
	GetHandleVerifier [0x00466D09+534521]
	GetHandleVerifier [0x00465DB9+530601]
	Ordinal0 [0x00374FF9+2117625]
	Ordinal0 [0x003798A8+2136232]
	Ordinal0 [0x003799E2+2136546]
	Ordinal0 [0x00383541+2176321]
	BaseThreadInitThunk [0x76AAFA29+25]
	RtlGetAppContainerNamedObjectPath [0x77307A9E+286]
	RtlGetAppContainerNamedObjectPath [0x77307A6E+238]
" type="org.openqa.selenium.SessionNotCreatedException">
      <![CDATA[org.openqa.selenium.SessionNotCreatedException: session not created: This version of ChromeDriver only supports Chrome version 96
Current browser version is 98.0.4758.82 with binary path C:\Program Files (x86)\Google\Chrome\Application\chrome.exe
Build info: version: '3.141.59', revision: 'e82be7d358', time: '2018-11-14T08:17:03'
System info: host: 'LAPTOP-A9LN1SJK', ip: '192.168.0.104', os.name: 'Windows 10', os.arch: 'amd64', os.version: '10.0', java.version: '16.0.2'
Driver info: driver.version: ChromeDriver
remote stacktrace: Backtrace:
Ordinal0 [0x003D6903+2517251]
Ordinal0 [0x0036F8E1+2095329]
Ordinal0 [0x00272848+1058888]
Ordinal0 [0x00290B9D+1182621]
Ordinal0 [0x0028CA60+1165920]
Ordinal0 [0x0028A2CF+1155791]
Ordinal0 [0x002BAAAF+1354415]
Ordinal0 [0x002BA71A+1353498]
Ordinal0 [0x002B639B+1336219]
Ordinal0 [0x002927A7+1189799]
Ordinal0 [0x00293609+1193481]
GetHandleVerifier [0x00565904+1577972]
GetHandleVerifier [0x00610B97+2279047]
GetHandleVerifier [0x00466D09+534521]
GetHandleVerifier [0x00465DB9+530601]
Ordinal0 [0x00374FF9+2117625]
Ordinal0 [0x003798A8+2136232]
Ordinal0 [0x003799E2+2136546]
Ordinal0 [0x00383541+2176321]
BaseThreadInitThunk [0x76AAFA29+25]
RtlGetAppContainerNamedObjectPath [0x77307A9E+286]
RtlGetAppContainerNamedObjectPath [0x77307A6E+238]

at java.base/jdk.internal.reflect.NativeConstructorAccessorImpl.newInstance0(Native Method)
at java.base/jdk.internal.reflect.NativeConstructorAccessorImpl.newInstance(NativeConstructorAccessorImpl.java:78)
at java.base/jdk.internal.reflect.DelegatingConstructorAccessorImpl.newInstance(DelegatingConstructorAccessorImpl.java:45)
at java.base/java.lang.reflect.Constructor.newInstanceWithCaller(Constructor.java:499)
at java.base/java.lang.reflect.Constructor.newInstance(Constructor.java:480)
at org.openqa.selenium.remote.W3CHandshakeResponse.lambda$errorHandler$0(W3CHandshakeResponse.java:62)
at org.openqa.selenium.remote.HandshakeResponse.lambda$getResponseFunction$0(HandshakeResponse.java:30)
at org.openqa.selenium.remote.ProtocolHandshake.lambda$createSession$0(ProtocolHandshake.java:126)
at java.base/java.util.stream.ReferencePipeline$3$1.accept(ReferencePipeline.java:197)
at java.base/java.util.Spliterators$ArraySpliterator.tryAdvance(Spliterators.java:958)
at java.base/java.util.stream.ReferencePipeline.forEachWithCancel(ReferencePipeline.java:129)
at java.base/java.util.stream.AbstractPipeline.copyIntoWithCancel(AbstractPipeline.java:502)
at java.base/java.util.stream.AbstractPipeline.copyInto(AbstractPipeline.java:488)
at java.base/java.util.stream.AbstractPipeline.wrapAndCopyInto(AbstractPipeline.java:474)
at java.base/java.util.stream.FindOps$FindOp.evaluateSequential(FindOps.java:150)
at java.base/java.util.stream.AbstractPipeline.evaluate(AbstractPipeline.java:234)
at java.base/java.util.stream.ReferencePipeline.findFirst(ReferencePipeline.java:647)
at org.openqa.selenium.remote.ProtocolHandshake.createSession(ProtocolHandshake.java:128)
at org.openqa.selenium.remote.ProtocolHandshake.createSession(ProtocolHandshake.java:74)
at org.openqa.selenium.remote.HttpCommandExecutor.execute(HttpCommandExecutor.java:136)
at org.openqa.selenium.remote.service.DriverCommandExecutor.execute(DriverCommandExecutor.java:83)
at org.openqa.selenium.remote.RemoteWebDriver.execute(RemoteWebDriver.java:552)
at org.openqa.selenium.remote.RemoteWebDriver.startSession(RemoteWebDriver.java:213)
at org.openqa.selenium.remote.RemoteWebDriver.<init>(RemoteWebDriver.java:131)
at org.openqa.selenium.chrome.ChromeDriver.<init>(ChromeDriver.java:181)
at org.openqa.selenium.chrome.ChromeDriver.<init>(ChromeDriver.java:168)
at org.openqa.selenium.chrome.ChromeDriver.<init>(ChromeDriver.java:123)
at test.VerifyHeaderOFApplication.beforeClass(VerifyHeaderOFApplication.java:26)
at java.base/jdk.internal.reflect.NativeMethodAccessorImpl.invoke0(Native Method)
at java.base/jdk.internal.reflect.NativeMethodAccessorImpl.invoke(NativeMethodAccessorImpl.java:78)
at java.base/jdk.internal.reflect.DelegatingMethodAccessorImpl.invoke(DelegatingMethodAccessorImpl.java:43)
at java.base/java.lang.reflect.Method.invoke(Method.java:567)
at org.testng.internal.MethodInvocationHelper.invokeMethod(MethodInvocationHelper.java:132)
at org.testng.internal.MethodInvocationHelper.invokeMethodConsideringTimeout(MethodInvocationHelper.java:61)
at org.testng.internal.ConfigInvoker.invokeConfigurationMethod(ConfigInvoker.java:366)
at org.testng.internal.ConfigInvoker.invokeConfigurations(ConfigInvoker.java:320)
at org.testng.internal.TestMethodWorker.invokeBeforeClassMethods(TestMethodWorker.java:176)
at org.testng.internal.TestMethodWorker.run(TestMethodWorker.java:122)
at java.base/java.util.ArrayList.forEach(ArrayList.java:1511)
at org.testng.TestRunner.privateRun(TestRunner.java:764)
at org.testng.TestRunner.run(TestRunner.java:585)
at org.testng.SuiteRunner.runTest(SuiteRunner.java:384)
at org.testng.SuiteRunner.runSequentially(SuiteRunner.java:378)
at org.testng.SuiteRunner.privateRun(SuiteRunner.java:337)
at org.testng.SuiteRunner.run(SuiteRunner.java:286)
at org.testng.SuiteRunnerWorker.runSuite(SuiteRunnerWorker.java:53)
at org.testng.SuiteRunnerWorker.run(SuiteRunnerWorker.java:96)
at org.testng.TestNG.runSuitesSequentially(TestNG.java:1218)
at org.testng.TestNG.runSuitesLocally(TestNG.java:1140)
at org.testng.TestNG.runSuites(TestNG.java:1069)
at org.testng.TestNG.run(TestNG.java:1037)
at org.testng.remote.AbstractRemoteTestNG.run(AbstractRemoteTestNG.java:115)
at org.testng.remote.RemoteTestNG.initAndRun(RemoteTestNG.java:251)
at org.testng.remote.RemoteTestNG.main(RemoteTestNG.java:77)
]]>
    </error>
  </testcase> <!-- beforeClass -->
  <system-out/>
</testsuite> <!-- test.VerifyHeaderOFApplication -->
